{"contracts/ChainOfCustodyToken.sol":{"l":{"33":4,"34":4,"35":4,"36":4,"49":5,"53":3,"59":3,"60":3,"63":3,"66":3,"68":3,"70":3,"71":3,"72":2,"75":3,"89":7,"93":7,"97":7,"98":7,"103":3,"116":1,"118":1,"133":6,"139":6,"140":3,"143":3,"146":3,"147":2,"153":2,"154":2,"156":2,"157":1,"160":2},"path":"/Users/jabbathegut/repositories/ba_sources/textile-supply-chain/contracts/ChainOfCustodyToken.sol","s":{"1":4,"2":4,"3":4,"4":4,"5":5,"6":3,"7":3,"8":3,"9":3,"10":3,"11":3,"12":3,"13":3,"14":2,"15":3,"16":7,"17":7,"18":7,"19":7,"20":3,"21":1,"22":1,"23":6,"24":6,"25":3,"26":3,"27":3,"28":2,"29":2,"30":2,"31":2,"32":1,"33":2},"b":{"1":[3,2],"2":[3,0],"3":[7,0],"4":[7,0],"5":[7,0],"6":[3,4],"7":[1,0],"8":[6,0],"9":[3,3],"10":[2,1],"11":[2,0],"12":[1,1]},"f":{"1":4,"2":5,"3":7,"4":1,"5":6},"fnMap":{"1":{"name":"constructor","line":32,"loc":{"start":{"line":27,"column":4},"end":{"line":37,"column":4}}},"2":{"name":"mintToken","line":45,"loc":{"start":{"line":45,"column":4},"end":{"line":76,"column":4}}},"3":{"name":"transferToken","line":84,"loc":{"start":{"line":84,"column":4},"end":{"line":104,"column":4}}},"4":{"name":"getTokenMetadata","line":111,"loc":{"start":{"line":111,"column":4},"end":{"line":119,"column":4}}},"5":{"name":"_beforeTokenTransfer","line":128,"loc":{"start":{"line":128,"column":4},"end":{"line":163,"column":4}}}},"statementMap":{"1":{"start":{"line":33,"column":8},"end":{"line":33,"column":40}},"2":{"start":{"line":34,"column":8},"end":{"line":34,"column":25}},"3":{"start":{"line":35,"column":8},"end":{"line":35,"column":19}},"4":{"start":{"line":36,"column":8},"end":{"line":36,"column":23}},"5":{"start":{"line":49,"column":8},"end":{"line":49,"column":1514}},"6":{"start":{"line":53,"column":8},"end":{"line":53,"column":1665}},"7":{"start":{"line":59,"column":8},"end":{"line":59,"column":28}},"8":{"start":{"line":60,"column":8},"end":{"line":60,"column":45}},"9":{"start":{"line":63,"column":8},"end":{"line":63,"column":29}},"10":{"start":{"line":66,"column":8},"end":{"line":66,"column":37}},"11":{"start":{"line":68,"column":8},"end":{"line":68,"column":34}},"12":{"start":{"line":70,"column":8},"end":{"line":70,"column":64}},"13":{"start":{"line":71,"column":8},"end":{"line":71,"column":2295}},"14":{"start":{"line":72,"column":12},"end":{"line":72,"column":46}},"15":{"start":{"line":75,"column":8},"end":{"line":75,"column":22}},"16":{"start":{"line":89,"column":8},"end":{"line":89,"column":2755}},"17":{"start":{"line":93,"column":8},"end":{"line":93,"column":2917}},"18":{"start":{"line":97,"column":8},"end":{"line":97,"column":71}},"19":{"start":{"line":98,"column":8},"end":{"line":98,"column":3143}},"20":{"start":{"line":103,"column":8},"end":{"line":103,"column":38}},"21":{"start":{"line":116,"column":8},"end":{"line":116,"column":70}},"22":{"start":{"line":118,"column":8},"end":{"line":118,"column":33}},"23":{"start":{"line":133,"column":8},"end":{"line":133,"column":4143}},"24":{"start":{"line":139,"column":8},"end":{"line":139,"column":4370}},"25":{"start":{"line":140,"column":12},"end":{"line":140,"column":4472}},"26":{"start":{"line":143,"column":12},"end":{"line":143,"column":4583}},"27":{"start":{"line":146,"column":12},"end":{"line":146,"column":4656}},"28":{"start":{"line":147,"column":16},"end":{"line":147,"column":4734}},"29":{"start":{"line":153,"column":16},"end":{"line":153,"column":4953}},"30":{"start":{"line":154,"column":20},"end":{"line":154,"column":66}},"31":{"start":{"line":156,"column":16},"end":{"line":156,"column":5083}},"32":{"start":{"line":157,"column":20},"end":{"line":157,"column":68}},"33":{"start":{"line":160,"column":16},"end":{"line":160,"column":51}}},"branchMap":{"1":{"line":49,"type":"if","locations":[{"start":{"line":49,"column":8},"end":{"line":49,"column":8}},{"start":{"line":49,"column":8},"end":{"line":49,"column":8}}]},"2":{"line":53,"type":"if","locations":[{"start":{"line":53,"column":8},"end":{"line":53,"column":8}},{"start":{"line":53,"column":8},"end":{"line":53,"column":8}}]},"3":{"line":89,"type":"if","locations":[{"start":{"line":89,"column":8},"end":{"line":89,"column":8}},{"start":{"line":89,"column":8},"end":{"line":89,"column":8}}]},"4":{"line":93,"type":"if","locations":[{"start":{"line":93,"column":8},"end":{"line":93,"column":8}},{"start":{"line":93,"column":8},"end":{"line":93,"column":8}}]},"5":{"line":97,"type":"if","locations":[{"start":{"line":97,"column":8},"end":{"line":97,"column":8}},{"start":{"line":97,"column":8},"end":{"line":97,"column":8}}]},"6":{"line":98,"type":"if","locations":[{"start":{"line":98,"column":8},"end":{"line":98,"column":8}},{"start":{"line":98,"column":8},"end":{"line":98,"column":8}}]},"7":{"line":116,"type":"if","locations":[{"start":{"line":116,"column":8},"end":{"line":116,"column":8}},{"start":{"line":116,"column":8},"end":{"line":116,"column":8}}]},"8":{"line":133,"type":"if","locations":[{"start":{"line":133,"column":8},"end":{"line":133,"column":8}},{"start":{"line":133,"column":8},"end":{"line":133,"column":8}}]},"9":{"line":139,"type":"if","locations":[{"start":{"line":139,"column":8},"end":{"line":139,"column":8}},{"start":{"line":139,"column":8},"end":{"line":139,"column":8}}]},"10":{"line":146,"type":"if","locations":[{"start":{"line":146,"column":12},"end":{"line":146,"column":12}},{"start":{"line":146,"column":12},"end":{"line":146,"column":12}}]},"11":{"line":153,"type":"if","locations":[{"start":{"line":153,"column":16},"end":{"line":153,"column":16}},{"start":{"line":153,"column":16},"end":{"line":153,"column":16}}]},"12":{"line":156,"type":"if","locations":[{"start":{"line":156,"column":16},"end":{"line":156,"column":16}},{"start":{"line":156,"column":16},"end":{"line":156,"column":16}}]}}},"contracts/Control.sol":{"l":{"33":4,"34":4,"43":8,"47":6,"53":4,"55":4,"62":4,"63":4,"65":4,"67":4,"79":10,"83":10,"84":8,"85":6,"87":4,"97":10,"101":10,"102":8,"105":6,"106":6,"108":4,"109":4,"110":3,"112":1,"115":4,"123":4,"125":4},"path":"/Users/jabbathegut/repositories/ba_sources/textile-supply-chain/contracts/Control.sol","s":{"1":4,"2":4,"3":8,"4":6,"5":4,"6":4,"7":4,"8":4,"9":4,"10":4,"11":10,"12":10,"13":8,"14":6,"15":4,"16":10,"17":10,"18":8,"19":6,"20":6,"21":4,"22":4,"23":3,"24":1,"25":4,"26":4,"27":4},"b":{"1":[6,2],"2":[4,2],"3":[10,0],"4":[8,2],"5":[6,2],"6":[10,0],"7":[8,2],"8":[6,2],"9":[3,1]},"f":{"1":4,"2":8,"3":10,"4":10},"fnMap":{"1":{"name":"constructor","line":32,"loc":{"start":{"line":32,"column":4},"end":{"line":35,"column":4}}},"2":{"name":"startControl","line":42,"loc":{"start":{"line":42,"column":4},"end":{"line":68,"column":4}}},"3":{"name":"reportFindingsForControl","line":75,"loc":{"start":{"line":75,"column":4},"end":{"line":88,"column":4}}},"4":{"name":"acknowledgeControl","line":96,"loc":{"start":{"line":96,"column":4},"end":{"line":128,"column":4}}}},"statementMap":{"1":{"start":{"line":33,"column":8},"end":{"line":33,"column":34}},"2":{"start":{"line":34,"column":8},"end":{"line":34,"column":47}},"3":{"start":{"line":43,"column":8},"end":{"line":43,"column":1342}},"4":{"start":{"line":47,"column":8},"end":{"line":47,"column":1504}},"5":{"start":{"line":53,"column":8},"end":{"line":53,"column":28}},"6":{"start":{"line":55,"column":8},"end":{"line":55,"column":1802}},"7":{"start":{"line":62,"column":8},"end":{"line":62,"column":47}},"8":{"start":{"line":63,"column":8},"end":{"line":63,"column":43}},"9":{"start":{"line":65,"column":8},"end":{"line":65,"column":75}},"10":{"start":{"line":67,"column":8},"end":{"line":67,"column":34}},"11":{"start":{"line":79,"column":8},"end":{"line":79,"column":2520}},"12":{"start":{"line":83,"column":8},"end":{"line":83,"column":69}},"13":{"start":{"line":84,"column":8},"end":{"line":84,"column":106}},"14":{"start":{"line":85,"column":8},"end":{"line":85,"column":50}},"15":{"start":{"line":87,"column":8},"end":{"line":87,"column":62}},"16":{"start":{"line":97,"column":8},"end":{"line":97,"column":3380}},"17":{"start":{"line":101,"column":8},"end":{"line":101,"column":69}},"18":{"start":{"line":102,"column":8},"end":{"line":102,"column":108}},"19":{"start":{"line":105,"column":8},"end":{"line":105,"column":59}},"20":{"start":{"line":106,"column":8},"end":{"line":106,"column":32}},"21":{"start":{"line":108,"column":8},"end":{"line":108,"column":34}},"22":{"start":{"line":109,"column":8},"end":{"line":109,"column":3914}},"23":{"start":{"line":110,"column":12},"end":{"line":110,"column":48}},"24":{"start":{"line":112,"column":12},"end":{"line":112,"column":51}},"25":{"start":{"line":115,"column":8},"end":{"line":115,"column":4077}},"26":{"start":{"line":123,"column":8},"end":{"line":123,"column":58}},"27":{"start":{"line":125,"column":8},"end":{"line":125,"column":4439}}},"branchMap":{"1":{"line":43,"type":"if","locations":[{"start":{"line":43,"column":8},"end":{"line":43,"column":8}},{"start":{"line":43,"column":8},"end":{"line":43,"column":8}}]},"2":{"line":47,"type":"if","locations":[{"start":{"line":47,"column":8},"end":{"line":47,"column":8}},{"start":{"line":47,"column":8},"end":{"line":47,"column":8}}]},"3":{"line":79,"type":"if","locations":[{"start":{"line":79,"column":8},"end":{"line":79,"column":8}},{"start":{"line":79,"column":8},"end":{"line":79,"column":8}}]},"4":{"line":83,"type":"if","locations":[{"start":{"line":83,"column":8},"end":{"line":83,"column":8}},{"start":{"line":83,"column":8},"end":{"line":83,"column":8}}]},"5":{"line":84,"type":"if","locations":[{"start":{"line":84,"column":8},"end":{"line":84,"column":8}},{"start":{"line":84,"column":8},"end":{"line":84,"column":8}}]},"6":{"line":97,"type":"if","locations":[{"start":{"line":97,"column":8},"end":{"line":97,"column":8}},{"start":{"line":97,"column":8},"end":{"line":97,"column":8}}]},"7":{"line":101,"type":"if","locations":[{"start":{"line":101,"column":8},"end":{"line":101,"column":8}},{"start":{"line":101,"column":8},"end":{"line":101,"column":8}}]},"8":{"line":102,"type":"if","locations":[{"start":{"line":102,"column":8},"end":{"line":102,"column":8}},{"start":{"line":102,"column":8},"end":{"line":102,"column":8}}]},"9":{"line":109,"type":"if","locations":[{"start":{"line":109,"column":8},"end":{"line":109,"column":8}},{"start":{"line":109,"column":8},"end":{"line":109,"column":8}}]}}},"contracts/ControlStateMachine.sol":{"l":{"24":4,"25":4,"26":4,"27":4,"28":4,"36":12,"40":8,"52":4,"53":4,"65":4,"72":8},"path":"/Users/jabbathegut/repositories/ba_sources/textile-supply-chain/contracts/ControlStateMachine.sol","s":{"1":4,"2":4,"3":4,"4":4,"5":4,"6":12,"7":4,"8":4,"9":4,"10":8},"b":{"1":[8,4]},"f":{"1":4,"2":12,"3":4,"4":4,"5":8},"fnMap":{"1":{"name":"constructor","line":23,"loc":{"start":{"line":19,"column":4},"end":{"line":29,"column":4}}},"2":{"name":"atStage","line":35,"loc":{"start":{"line":35,"column":4},"end":{"line":41,"column":4}}},"3":{"name":"addFindings","line":50,"loc":{"start":{"line":47,"column":4},"end":{"line":54,"column":4}}},"4":{"name":"commentControl","line":63,"loc":{"start":{"line":59,"column":4},"end":{"line":66,"column":4}}},"5":{"name":"nextStage","line":71,"loc":{"start":{"line":71,"column":4},"end":{"line":73,"column":4}}}},"statementMap":{"1":{"start":{"line":24,"column":8},"end":{"line":24,"column":32}},"2":{"start":{"line":25,"column":8},"end":{"line":25,"column":44}},"3":{"start":{"line":26,"column":8},"end":{"line":26,"column":15}},"4":{"start":{"line":27,"column":8},"end":{"line":27,"column":31}},"5":{"start":{"line":28,"column":8},"end":{"line":28,"column":31}},"6":{"start":{"line":36,"column":8},"end":{"line":36,"column":1013}},"7":{"start":{"line":52,"column":8},"end":{"line":52,"column":26}},"8":{"start":{"line":53,"column":8},"end":{"line":53,"column":18}},"9":{"start":{"line":65,"column":8},"end":{"line":65,"column":18}},"10":{"start":{"line":72,"column":8},"end":{"line":72,"column":53}}},"branchMap":{"1":{"line":36,"type":"if","locations":[{"start":{"line":36,"column":8},"end":{"line":36,"column":8}},{"start":{"line":36,"column":8},"end":{"line":36,"column":8}}]}}},"contracts/Enums.sol":{"l":{},"path":"/Users/jabbathegut/repositories/ba_sources/textile-supply-chain/contracts/Enums.sol","s":{},"b":{},"f":{},"fnMap":{},"statementMap":{},"branchMap":{}},"contracts/ERC721.sol":{"l":{"43":4,"44":4,"51":0,"59":0,"60":0,"67":12,"68":12,"69":12,"77":0,"78":0,"80":0,"84":0,"91":0,"93":0,"100":0,"102":0,"103":0,"110":0,"118":0,"120":0,"127":0,"134":0,"135":0,"157":0,"158":0,"170":11,"181":0,"182":0,"183":0,"197":0,"205":0,"206":0,"222":3,"223":3,"225":3,"227":3,"228":3,"230":3,"244":0,"246":0,"249":0,"251":0,"252":0,"254":0,"269":3,"270":3,"272":3,"275":3,"277":3,"278":3,"279":3,"281":3,"290":3,"291":3,"307":0,"308":0,"309":0,"311":0,"312":0,"315":0,"321":0},"path":"/Users/jabbathegut/repositories/ba_sources/textile-supply-chain/contracts/ERC721.sol","s":{"1":4,"2":4,"3":0,"4":0,"5":0,"6":12,"7":12,"8":12,"9":0,"10":0,"11":0,"12":0,"13":0,"14":0,"15":0,"16":0,"17":0,"18":0,"19":0,"20":0,"21":0,"22":0,"23":0,"24":0,"25":0,"26":11,"27":0,"28":0,"29":0,"30":0,"31":0,"32":0,"33":3,"34":3,"35":3,"36":3,"37":3,"38":3,"39":0,"40":0,"41":0,"42":0,"43":0,"44":3,"45":3,"46":3,"47":3,"48":3,"49":3,"50":3,"51":3,"52":3,"53":3,"54":0,"55":0,"56":0,"57":0,"58":0,"59":0},"b":{"1":[0,0],"2":[12,0],"3":[0,0],"4":[0,0],"5":[0,0],"6":[0,0],"7":[0,0],"8":[0,0],"9":[0,0],"10":[0,0],"11":[0,0],"12":[3,0],"13":[3,0],"14":[3,0],"15":[3,0],"16":[0,0],"17":[0,0]},"f":{"1":4,"2":0,"3":0,"4":12,"5":0,"6":0,"7":0,"8":0,"9":0,"10":0,"11":0,"12":0,"13":11,"14":0,"15":0,"16":0,"17":3,"18":0,"19":3,"20":3,"21":0,"22":0},"fnMap":{"1":{"name":"constructor","line":42,"loc":{"start":{"line":42,"column":4},"end":{"line":45,"column":4}}},"2":{"name":"supportsInterface","line":50,"loc":{"start":{"line":50,"column":4},"end":{"line":53,"column":4}}},"3":{"name":"balanceOf","line":58,"loc":{"start":{"line":58,"column":4},"end":{"line":61,"column":4}}},"4":{"name":"ownerOf","line":66,"loc":{"start":{"line":66,"column":4},"end":{"line":70,"column":4}}},"5":{"name":"approve","line":76,"loc":{"start":{"line":76,"column":4},"end":{"line":85,"column":4}}},"6":{"name":"getApproved","line":90,"loc":{"start":{"line":90,"column":4},"end":{"line":94,"column":4}}},"7":{"name":"setApprovalForAll","line":99,"loc":{"start":{"line":99,"column":4},"end":{"line":104,"column":4}}},"8":{"name":"isApprovedForAll","line":109,"loc":{"start":{"line":109,"column":4},"end":{"line":111,"column":4}}},"9":{"name":"transferFrom","line":116,"loc":{"start":{"line":116,"column":4},"end":{"line":121,"column":4}}},"10":{"name":"safeTransferFrom","line":126,"loc":{"start":{"line":126,"column":4},"end":{"line":128,"column":4}}},"11":{"name":"safeTransferFrom","line":133,"loc":{"start":{"line":133,"column":4},"end":{"line":136,"column":4}}},"12":{"name":"_safeTransfer","line":156,"loc":{"start":{"line":156,"column":4},"end":{"line":159,"column":4}}},"13":{"name":"_exists","line":169,"loc":{"start":{"line":169,"column":4},"end":{"line":171,"column":4}}},"14":{"name":"_isApprovedOrOwner","line":180,"loc":{"start":{"line":180,"column":4},"end":{"line":184,"column":4}}},"15":{"name":"_safeMint","line":196,"loc":{"start":{"line":196,"column":4},"end":{"line":198,"column":4}}},"16":{"name":"_safeMint","line":204,"loc":{"start":{"line":204,"column":4},"end":{"line":207,"column":4}}},"17":{"name":"_mint","line":221,"loc":{"start":{"line":221,"column":4},"end":{"line":231,"column":4}}},"18":{"name":"_burn","line":243,"loc":{"start":{"line":243,"column":4},"end":{"line":255,"column":4}}},"19":{"name":"_transfer","line":268,"loc":{"start":{"line":268,"column":4},"end":{"line":282,"column":4}}},"20":{"name":"_approve","line":289,"loc":{"start":{"line":289,"column":4},"end":{"line":292,"column":4}}},"21":{"name":"_checkOnERC721Received","line":304,"loc":{"start":{"line":304,"column":4},"end":{"line":323,"column":4}}},"22":{"name":"_beforeTokenTransfer","line":339,"loc":{"start":{"line":339,"column":4},"end":{"line":339,"column":96}}}},"statementMap":{"1":{"start":{"line":43,"column":8},"end":{"line":43,"column":20}},"2":{"start":{"line":44,"column":8},"end":{"line":44,"column":24}},"3":{"start":{"line":51,"column":8},"end":{"line":51,"column":1911}},"4":{"start":{"line":59,"column":8},"end":{"line":59,"column":81}},"5":{"start":{"line":60,"column":8},"end":{"line":60,"column":31}},"6":{"start":{"line":67,"column":8},"end":{"line":67,"column":40}},"7":{"start":{"line":68,"column":8},"end":{"line":68,"column":80}},"8":{"start":{"line":69,"column":8},"end":{"line":69,"column":20}},"9":{"start":{"line":77,"column":8},"end":{"line":77,"column":47}},"10":{"start":{"line":78,"column":8},"end":{"line":78,"column":64}},"11":{"start":{"line":80,"column":8},"end":{"line":80,"column":2785}},"12":{"start":{"line":84,"column":8},"end":{"line":84,"column":28}},"13":{"start":{"line":91,"column":8},"end":{"line":91,"column":80}},"14":{"start":{"line":93,"column":8},"end":{"line":93,"column":39}},"15":{"start":{"line":100,"column":8},"end":{"line":100,"column":69}},"16":{"start":{"line":102,"column":8},"end":{"line":102,"column":60}},"17":{"start":{"line":103,"column":8},"end":{"line":103,"column":61}},"18":{"start":{"line":110,"column":8},"end":{"line":110,"column":50}},"19":{"start":{"line":118,"column":8},"end":{"line":118,"column":110}},"20":{"start":{"line":120,"column":8},"end":{"line":120,"column":35}},"21":{"start":{"line":127,"column":8},"end":{"line":127,"column":46}},"22":{"start":{"line":134,"column":8},"end":{"line":134,"column":110}},"23":{"start":{"line":135,"column":8},"end":{"line":135,"column":46}},"24":{"start":{"line":157,"column":8},"end":{"line":157,"column":35}},"25":{"start":{"line":158,"column":8},"end":{"line":158,"column":118}},"26":{"start":{"line":170,"column":8},"end":{"line":170,"column":45}},"27":{"start":{"line":181,"column":8},"end":{"line":181,"column":80}},"28":{"start":{"line":182,"column":8},"end":{"line":182,"column":47}},"29":{"start":{"line":183,"column":8},"end":{"line":183,"column":104}},"30":{"start":{"line":197,"column":8},"end":{"line":197,"column":33}},"31":{"start":{"line":205,"column":8},"end":{"line":205,"column":25}},"32":{"start":{"line":206,"column":8},"end":{"line":206,"column":124}},"33":{"start":{"line":222,"column":8},"end":{"line":222,"column":68}},"34":{"start":{"line":223,"column":8},"end":{"line":223,"column":65}},"35":{"start":{"line":225,"column":8},"end":{"line":225,"column":52}},"36":{"start":{"line":227,"column":8},"end":{"line":227,"column":25}},"37":{"start":{"line":228,"column":8},"end":{"line":228,"column":28}},"38":{"start":{"line":230,"column":8},"end":{"line":230,"column":46}},"39":{"start":{"line":244,"column":8},"end":{"line":244,"column":47}},"40":{"start":{"line":246,"column":8},"end":{"line":246,"column":55}},"41":{"start":{"line":249,"column":8},"end":{"line":249,"column":36}},"42":{"start":{"line":251,"column":8},"end":{"line":251,"column":28}},"43":{"start":{"line":254,"column":8},"end":{"line":254,"column":49}},"44":{"start":{"line":269,"column":8},"end":{"line":269,"column":92}},"45":{"start":{"line":270,"column":8},"end":{"line":270,"column":72}},"46":{"start":{"line":272,"column":8},"end":{"line":272,"column":46}},"47":{"start":{"line":275,"column":8},"end":{"line":275,"column":36}},"48":{"start":{"line":277,"column":8},"end":{"line":277,"column":27}},"49":{"start":{"line":278,"column":8},"end":{"line":278,"column":25}},"50":{"start":{"line":279,"column":8},"end":{"line":279,"column":28}},"51":{"start":{"line":281,"column":8},"end":{"line":281,"column":40}},"52":{"start":{"line":290,"column":8},"end":{"line":290,"column":36}},"53":{"start":{"line":291,"column":8},"end":{"line":291,"column":59}},"54":{"start":{"line":307,"column":8},"end":{"line":307,"column":10819}},"55":{"start":{"line":308,"column":12},"end":{"line":308,"column":10858}},"56":{"start":{"line":309,"column":16},"end":{"line":309,"column":78}},"57":{"start":{"line":311,"column":16},"end":{"line":311,"column":11105}},"58":{"start":{"line":312,"column":20},"end":{"line":312,"column":79}},"59":{"start":{"line":321,"column":12},"end":{"line":321,"column":23}}},"branchMap":{"1":{"line":59,"type":"if","locations":[{"start":{"line":59,"column":8},"end":{"line":59,"column":8}},{"start":{"line":59,"column":8},"end":{"line":59,"column":8}}]},"2":{"line":68,"type":"if","locations":[{"start":{"line":68,"column":8},"end":{"line":68,"column":8}},{"start":{"line":68,"column":8},"end":{"line":68,"column":8}}]},"3":{"line":78,"type":"if","locations":[{"start":{"line":78,"column":8},"end":{"line":78,"column":8}},{"start":{"line":78,"column":8},"end":{"line":78,"column":8}}]},"4":{"line":80,"type":"if","locations":[{"start":{"line":80,"column":8},"end":{"line":80,"column":8}},{"start":{"line":80,"column":8},"end":{"line":80,"column":8}}]},"5":{"line":91,"type":"if","locations":[{"start":{"line":91,"column":8},"end":{"line":91,"column":8}},{"start":{"line":91,"column":8},"end":{"line":91,"column":8}}]},"6":{"line":100,"type":"if","locations":[{"start":{"line":100,"column":8},"end":{"line":100,"column":8}},{"start":{"line":100,"column":8},"end":{"line":100,"column":8}}]},"7":{"line":118,"type":"if","locations":[{"start":{"line":118,"column":8},"end":{"line":118,"column":8}},{"start":{"line":118,"column":8},"end":{"line":118,"column":8}}]},"8":{"line":134,"type":"if","locations":[{"start":{"line":134,"column":8},"end":{"line":134,"column":8}},{"start":{"line":134,"column":8},"end":{"line":134,"column":8}}]},"9":{"line":158,"type":"if","locations":[{"start":{"line":158,"column":8},"end":{"line":158,"column":8}},{"start":{"line":158,"column":8},"end":{"line":158,"column":8}}]},"10":{"line":181,"type":"if","locations":[{"start":{"line":181,"column":8},"end":{"line":181,"column":8}},{"start":{"line":181,"column":8},"end":{"line":181,"column":8}}]},"11":{"line":206,"type":"if","locations":[{"start":{"line":206,"column":8},"end":{"line":206,"column":8}},{"start":{"line":206,"column":8},"end":{"line":206,"column":8}}]},"12":{"line":222,"type":"if","locations":[{"start":{"line":222,"column":8},"end":{"line":222,"column":8}},{"start":{"line":222,"column":8},"end":{"line":222,"column":8}}]},"13":{"line":223,"type":"if","locations":[{"start":{"line":223,"column":8},"end":{"line":223,"column":8}},{"start":{"line":223,"column":8},"end":{"line":223,"column":8}}]},"14":{"line":269,"type":"if","locations":[{"start":{"line":269,"column":8},"end":{"line":269,"column":8}},{"start":{"line":269,"column":8},"end":{"line":269,"column":8}}]},"15":{"line":270,"type":"if","locations":[{"start":{"line":270,"column":8},"end":{"line":270,"column":8}},{"start":{"line":270,"column":8},"end":{"line":270,"column":8}}]},"16":{"line":307,"type":"if","locations":[{"start":{"line":307,"column":8},"end":{"line":307,"column":8}},{"start":{"line":307,"column":8},"end":{"line":307,"column":8}}]},"17":{"line":311,"type":"if","locations":[{"start":{"line":311,"column":16},"end":{"line":311,"column":16}},{"start":{"line":311,"column":16},"end":{"line":311,"column":16}}]}}},"contracts/LKGRegistry.sol":{"l":{"27":6,"34":88,"38":88,"45":93,"53":93,"65":16,"67":16,"68":16,"82":16,"83":15,"91":3,"92":3,"93":3,"105":8,"106":8,"107":8,"121":4,"122":3,"130":2,"131":2,"132":2,"144":30,"146":30,"148":30,"150":30,"152":30,"154":30,"168":25,"169":25,"183":10,"184":10,"196":29,"198":29,"200":29,"202":29,"204":29,"218":25,"219":25,"233":10,"234":10,"241":3,"245":3,"248":0,"251":3,"252":3},"path":"/Users/jabbathegut/repositories/ba_sources/textile-supply-chain/contracts/LKGRegistry.sol","s":{"1":6,"2":88,"3":93,"4":16,"5":16,"6":16,"7":16,"8":15,"9":3,"10":3,"11":8,"12":8,"13":8,"14":4,"15":3,"16":2,"17":2,"18":30,"19":30,"20":30,"21":30,"22":30,"23":30,"24":25,"25":25,"26":10,"27":10,"28":29,"29":29,"30":29,"31":29,"32":29,"33":25,"34":25,"35":10,"36":10,"37":3,"38":3,"39":0,"40":3,"41":3},"b":{"1":[88,0],"2":[93,0],"3":[16,0],"4":[15,1],"5":[3,0],"6":[8,0],"7":[3,1],"8":[2,0],"9":[30,0],"10":[25,0],"11":[10,0],"12":[29,0],"13":[25,0],"14":[10,0],"15":[3,0],"16":[0,3],"17":[3,0]},"f":{"1":6,"2":88,"3":93,"4":16,"5":16,"6":3,"7":8,"8":4,"9":2,"10":30,"11":25,"12":10,"13":29,"14":25,"15":10,"16":3},"fnMap":{"1":{"name":"constructor","line":26,"loc":{"start":{"line":26,"column":4},"end":{"line":28,"column":4}}},"2":{"name":"onlyChainAdmin","line":33,"loc":{"start":{"line":33,"column":4},"end":{"line":39,"column":4}}},"3":{"name":"onlyChainMember","line":44,"loc":{"start":{"line":44,"column":4},"end":{"line":54,"column":4}}},"4":{"name":"addSupplyChainEntity","line":64,"loc":{"start":{"line":61,"column":4},"end":{"line":69,"column":4}}},"5":{"name":"getSupplyChainEntity","line":79,"loc":{"start":{"line":76,"column":4},"end":{"line":84,"column":4}}},"6":{"name":"removeSupplyChainEntity","line":90,"loc":{"start":{"line":90,"column":4},"end":{"line":94,"column":4}}},"7":{"name":"addControlEntity","line":104,"loc":{"start":{"line":101,"column":4},"end":{"line":108,"column":4}}},"8":{"name":"getControlentity","line":118,"loc":{"start":{"line":115,"column":4},"end":{"line":123,"column":4}}},"9":{"name":"removeControlEntity","line":129,"loc":{"start":{"line":129,"column":4},"end":{"line":133,"column":4}}},"10":{"name":"addControl","line":142,"loc":{"start":{"line":140,"column":4},"end":{"line":155,"column":4}}},"11":{"name":"getControl","line":165,"loc":{"start":{"line":162,"column":4},"end":{"line":170,"column":4}}},"12":{"name":"getControls","line":180,"loc":{"start":{"line":177,"column":4},"end":{"line":185,"column":4}}},"13":{"name":"addNonGSETransaction","line":195,"loc":{"start":{"line":192,"column":4},"end":{"line":205,"column":4}}},"14":{"name":"getNonGSETransaction","line":215,"loc":{"start":{"line":212,"column":4},"end":{"line":220,"column":4}}},"15":{"name":"getNonGSETransactions","line":230,"loc":{"start":{"line":227,"column":4},"end":{"line":235,"column":4}}},"16":{"name":"acknowledgeGSE","line":240,"loc":{"start":{"line":240,"column":4},"end":{"line":254,"column":4}}}},"statementMap":{"1":{"start":{"line":27,"column":8},"end":{"line":27,"column":25}},"2":{"start":{"line":34,"column":8},"end":{"line":34,"column":1182}},"3":{"start":{"line":45,"column":8},"end":{"line":45,"column":1474}},"4":{"start":{"line":65,"column":8},"end":{"line":65,"column":67}},"5":{"start":{"line":67,"column":8},"end":{"line":67,"column":37}},"6":{"start":{"line":68,"column":8},"end":{"line":68,"column":46}},"7":{"start":{"line":82,"column":8},"end":{"line":82,"column":63}},"8":{"start":{"line":83,"column":8},"end":{"line":83,"column":43}},"9":{"start":{"line":91,"column":8},"end":{"line":91,"column":63}},"10":{"start":{"line":92,"column":8},"end":{"line":92,"column":37}},"11":{"start":{"line":105,"column":8},"end":{"line":105,"column":72}},"12":{"start":{"line":106,"column":8},"end":{"line":106,"column":44}},"13":{"start":{"line":107,"column":8},"end":{"line":107,"column":42}},"14":{"start":{"line":121,"column":8},"end":{"line":121,"column":70}},"15":{"start":{"line":122,"column":8},"end":{"line":122,"column":39}},"16":{"start":{"line":130,"column":8},"end":{"line":130,"column":70}},"17":{"start":{"line":131,"column":8},"end":{"line":131,"column":44}},"18":{"start":{"line":144,"column":8},"end":{"line":144,"column":63}},"19":{"start":{"line":146,"column":8},"end":{"line":146,"column":33}},"20":{"start":{"line":148,"column":8},"end":{"line":148,"column":52}},"21":{"start":{"line":150,"column":8},"end":{"line":150,"column":52}},"22":{"start":{"line":152,"column":8},"end":{"line":152,"column":75}},"23":{"start":{"line":154,"column":8},"end":{"line":154,"column":65}},"24":{"start":{"line":168,"column":8},"end":{"line":168,"column":66}},"25":{"start":{"line":169,"column":8},"end":{"line":169,"column":35}},"26":{"start":{"line":183,"column":8},"end":{"line":183,"column":63}},"27":{"start":{"line":184,"column":8},"end":{"line":184,"column":52}},"28":{"start":{"line":196,"column":8},"end":{"line":196,"column":63}},"29":{"start":{"line":198,"column":8},"end":{"line":198,"column":32}},"30":{"start":{"line":200,"column":8},"end":{"line":200,"column":50}},"31":{"start":{"line":202,"column":8},"end":{"line":202,"column":59}},"32":{"start":{"line":204,"column":8},"end":{"line":204,"column":78}},"33":{"start":{"line":218,"column":8},"end":{"line":218,"column":76}},"34":{"start":{"line":219,"column":8},"end":{"line":219,"column":46}},"35":{"start":{"line":233,"column":8},"end":{"line":233,"column":63}},"36":{"start":{"line":234,"column":8},"end":{"line":234,"column":56}},"37":{"start":{"line":241,"column":8},"end":{"line":241,"column":7996}},"38":{"start":{"line":245,"column":8},"end":{"line":245,"column":8139}},"39":{"start":{"line":248,"column":12},"end":{"line":248,"column":57}},"40":{"start":{"line":251,"column":8},"end":{"line":251,"column":8315}},"41":{"start":{"line":252,"column":12},"end":{"line":252,"column":61}}},"branchMap":{"1":{"line":34,"type":"if","locations":[{"start":{"line":34,"column":8},"end":{"line":34,"column":8}},{"start":{"line":34,"column":8},"end":{"line":34,"column":8}}]},"2":{"line":45,"type":"if","locations":[{"start":{"line":45,"column":8},"end":{"line":45,"column":8}},{"start":{"line":45,"column":8},"end":{"line":45,"column":8}}]},"3":{"line":65,"type":"if","locations":[{"start":{"line":65,"column":8},"end":{"line":65,"column":8}},{"start":{"line":65,"column":8},"end":{"line":65,"column":8}}]},"4":{"line":82,"type":"if","locations":[{"start":{"line":82,"column":8},"end":{"line":82,"column":8}},{"start":{"line":82,"column":8},"end":{"line":82,"column":8}}]},"5":{"line":91,"type":"if","locations":[{"start":{"line":91,"column":8},"end":{"line":91,"column":8}},{"start":{"line":91,"column":8},"end":{"line":91,"column":8}}]},"6":{"line":105,"type":"if","locations":[{"start":{"line":105,"column":8},"end":{"line":105,"column":8}},{"start":{"line":105,"column":8},"end":{"line":105,"column":8}}]},"7":{"line":121,"type":"if","locations":[{"start":{"line":121,"column":8},"end":{"line":121,"column":8}},{"start":{"line":121,"column":8},"end":{"line":121,"column":8}}]},"8":{"line":130,"type":"if","locations":[{"start":{"line":130,"column":8},"end":{"line":130,"column":8}},{"start":{"line":130,"column":8},"end":{"line":130,"column":8}}]},"9":{"line":144,"type":"if","locations":[{"start":{"line":144,"column":8},"end":{"line":144,"column":8}},{"start":{"line":144,"column":8},"end":{"line":144,"column":8}}]},"10":{"line":168,"type":"if","locations":[{"start":{"line":168,"column":8},"end":{"line":168,"column":8}},{"start":{"line":168,"column":8},"end":{"line":168,"column":8}}]},"11":{"line":183,"type":"if","locations":[{"start":{"line":183,"column":8},"end":{"line":183,"column":8}},{"start":{"line":183,"column":8},"end":{"line":183,"column":8}}]},"12":{"line":196,"type":"if","locations":[{"start":{"line":196,"column":8},"end":{"line":196,"column":8}},{"start":{"line":196,"column":8},"end":{"line":196,"column":8}}]},"13":{"line":218,"type":"if","locations":[{"start":{"line":218,"column":8},"end":{"line":218,"column":8}},{"start":{"line":218,"column":8},"end":{"line":218,"column":8}}]},"14":{"line":233,"type":"if","locations":[{"start":{"line":233,"column":8},"end":{"line":233,"column":8}},{"start":{"line":233,"column":8},"end":{"line":233,"column":8}}]},"15":{"line":241,"type":"if","locations":[{"start":{"line":241,"column":8},"end":{"line":241,"column":8}},{"start":{"line":241,"column":8},"end":{"line":241,"column":8}}]},"16":{"line":245,"type":"if","locations":[{"start":{"line":245,"column":8},"end":{"line":245,"column":8}},{"start":{"line":245,"column":8},"end":{"line":245,"column":8}}]},"17":{"line":251,"type":"if","locations":[{"start":{"line":251,"column":8},"end":{"line":251,"column":8}},{"start":{"line":251,"column":8},"end":{"line":251,"column":8}}]}}},"contracts/RBAC.sol":{"l":{"37":7,"38":7,"40":7,"41":7,"42":7,"43":7,"45":7,"46":7,"47":7,"48":7,"49":7,"50":7,"59":473,"73":408,"74":408,"83":28,"84":28,"86":28,"87":28,"88":28,"97":33,"98":33,"102":31,"107":31,"108":31,"117":1,"118":1,"122":1,"124":1,"125":1},"path":"/Users/jabbathegut/repositories/ba_sources/textile-supply-chain/contracts/RBAC.sol","s":{"1":7,"2":7,"3":7,"4":7,"5":7,"6":7,"7":7,"8":7,"9":7,"10":7,"11":7,"12":7,"13":473,"14":408,"15":408,"16":28,"17":28,"18":28,"19":28,"20":33,"21":33,"22":31,"23":31,"24":31,"25":1,"26":1,"27":1,"28":1,"29":1},"b":{"1":[408,0],"2":[28,0],"3":[28,0],"4":[33,0],"5":[31,2],"6":[31,0],"7":[1,0],"8":[1,0],"9":[1,0]},"f":{"1":7,"2":473,"3":408,"4":28,"5":33,"6":1},"fnMap":{"1":{"name":"constructor","line":36,"loc":{"start":{"line":36,"column":4},"end":{"line":51,"column":4}}},"2":{"name":"roleExists","line":58,"loc":{"start":{"line":58,"column":4},"end":{"line":60,"column":4}}},"3":{"name":"hasRole","line":68,"loc":{"start":{"line":68,"column":4},"end":{"line":75,"column":4}}},"4":{"name":"addRole","line":81,"loc":{"start":{"line":81,"column":4},"end":{"line":89,"column":4}}},"5":{"name":"addMember","line":96,"loc":{"start":{"line":96,"column":4},"end":{"line":109,"column":4}}},"6":{"name":"removeMember","line":116,"loc":{"start":{"line":116,"column":4},"end":{"line":126,"column":4}}}},"statementMap":{"1":{"start":{"line":37,"column":8},"end":{"line":37,"column":42}},"2":{"start":{"line":38,"column":8},"end":{"line":38,"column":33}},"3":{"start":{"line":40,"column":8},"end":{"line":40,"column":48}},"4":{"start":{"line":41,"column":8},"end":{"line":41,"column":40}},"5":{"start":{"line":42,"column":8},"end":{"line":42,"column":39}},"6":{"start":{"line":43,"column":8},"end":{"line":43,"column":40}},"7":{"start":{"line":45,"column":8},"end":{"line":45,"column":35}},"8":{"start":{"line":46,"column":8},"end":{"line":46,"column":58}},"9":{"start":{"line":47,"column":8},"end":{"line":47,"column":50}},"10":{"start":{"line":48,"column":8},"end":{"line":48,"column":49}},"11":{"start":{"line":49,"column":8},"end":{"line":49,"column":50}},"12":{"start":{"line":50,"column":8},"end":{"line":50,"column":49}},"13":{"start":{"line":59,"column":8},"end":{"line":59,"column":34}},"14":{"start":{"line":73,"column":8},"end":{"line":73,"column":58}},"15":{"start":{"line":74,"column":8},"end":{"line":74,"column":48}},"16":{"start":{"line":83,"column":8},"end":{"line":83,"column":60}},"17":{"start":{"line":84,"column":8},"end":{"line":84,"column":83}},"18":{"start":{"line":87,"column":8},"end":{"line":87,"column":31}},"19":{"start":{"line":88,"column":8},"end":{"line":88,"column":33}},"20":{"start":{"line":97,"column":8},"end":{"line":97,"column":58}},"21":{"start":{"line":98,"column":8},"end":{"line":98,"column":3424}},"22":{"start":{"line":102,"column":8},"end":{"line":102,"column":3554}},"23":{"start":{"line":107,"column":8},"end":{"line":107,"column":35}},"24":{"start":{"line":108,"column":8},"end":{"line":108,"column":42}},"25":{"start":{"line":117,"column":8},"end":{"line":117,"column":58}},"26":{"start":{"line":118,"column":8},"end":{"line":118,"column":4082}},"27":{"start":{"line":122,"column":8},"end":{"line":122,"column":75}},"28":{"start":{"line":124,"column":8},"end":{"line":124,"column":38}},"29":{"start":{"line":125,"column":8},"end":{"line":125,"column":44}}},"branchMap":{"1":{"line":73,"type":"if","locations":[{"start":{"line":73,"column":8},"end":{"line":73,"column":8}},{"start":{"line":73,"column":8},"end":{"line":73,"column":8}}]},"2":{"line":83,"type":"if","locations":[{"start":{"line":83,"column":8},"end":{"line":83,"column":8}},{"start":{"line":83,"column":8},"end":{"line":83,"column":8}}]},"3":{"line":84,"type":"if","locations":[{"start":{"line":84,"column":8},"end":{"line":84,"column":8}},{"start":{"line":84,"column":8},"end":{"line":84,"column":8}}]},"4":{"line":97,"type":"if","locations":[{"start":{"line":97,"column":8},"end":{"line":97,"column":8}},{"start":{"line":97,"column":8},"end":{"line":97,"column":8}}]},"5":{"line":98,"type":"if","locations":[{"start":{"line":98,"column":8},"end":{"line":98,"column":8}},{"start":{"line":98,"column":8},"end":{"line":98,"column":8}}]},"6":{"line":102,"type":"if","locations":[{"start":{"line":102,"column":8},"end":{"line":102,"column":8}},{"start":{"line":102,"column":8},"end":{"line":102,"column":8}}]},"7":{"line":117,"type":"if","locations":[{"start":{"line":117,"column":8},"end":{"line":117,"column":8}},{"start":{"line":117,"column":8},"end":{"line":117,"column":8}}]},"8":{"line":118,"type":"if","locations":[{"start":{"line":118,"column":8},"end":{"line":118,"column":8}},{"start":{"line":118,"column":8},"end":{"line":118,"column":8}}]},"9":{"line":122,"type":"if","locations":[{"start":{"line":122,"column":8},"end":{"line":122,"column":8}},{"start":{"line":122,"column":8},"end":{"line":122,"column":8}}]}}},"contracts/Structs.sol":{"l":{},"path":"/Users/jabbathegut/repositories/ba_sources/textile-supply-chain/contracts/Structs.sol","s":{},"b":{},"f":{},"fnMap":{},"statementMap":{},"branchMap":{}}}