{"contracts/Control.sol":{"l":{"19":4,"27":5,"31":3,"37":1,"39":1,"46":1,"47":1,"59":0,"63":0,"64":0,"74":0,"78":0,"81":0},"path":"/Users/jabbathegut/repositories/textile-supply-chain-ethereum/contracts/Control.sol","s":{"1":4,"2":5,"3":3,"4":1,"5":1,"6":1,"7":1,"8":0,"9":0,"10":0,"11":0,"12":0,"13":0},"b":{"1":[3,2],"2":[1,2],"3":[0,0],"4":[0,0],"5":[0,0],"6":[0,0]},"f":{"1":4,"2":5,"3":0,"4":0},"fnMap":{"1":{"name":"constructor","line":18,"loc":{"start":{"line":18,"column":4},"end":{"line":20,"column":4}}},"2":{"name":"startControl","line":26,"loc":{"start":{"line":26,"column":4},"end":{"line":48,"column":4}}},"3":{"name":"reportFindingsForControl","line":55,"loc":{"start":{"line":55,"column":4},"end":{"line":65,"column":4}}},"4":{"name":"acknowledgeControl","line":73,"loc":{"start":{"line":73,"column":4},"end":{"line":82,"column":4}}}},"statementMap":{"1":{"start":{"line":19,"column":8},"end":{"line":19,"column":34}},"2":{"start":{"line":27,"column":8},"end":{"line":27,"column":788}},"3":{"start":{"line":31,"column":8},"end":{"line":31,"column":928}},"4":{"start":{"line":37,"column":8},"end":{"line":37,"column":28}},"5":{"start":{"line":39,"column":8},"end":{"line":39,"column":1226}},"6":{"start":{"line":46,"column":8},"end":{"line":46,"column":47}},"7":{"start":{"line":47,"column":8},"end":{"line":47,"column":43}},"8":{"start":{"line":59,"column":8},"end":{"line":59,"column":1827}},"9":{"start":{"line":63,"column":8},"end":{"line":63,"column":69}},"10":{"start":{"line":64,"column":8},"end":{"line":64,"column":50}},"11":{"start":{"line":74,"column":8},"end":{"line":74,"column":2471}},"12":{"start":{"line":78,"column":8},"end":{"line":78,"column":69}},"13":{"start":{"line":81,"column":8},"end":{"line":81,"column":52}}},"branchMap":{"1":{"line":27,"type":"if","locations":[{"start":{"line":27,"column":8},"end":{"line":27,"column":8}},{"start":{"line":27,"column":8},"end":{"line":27,"column":8}}]},"2":{"line":31,"type":"if","locations":[{"start":{"line":31,"column":8},"end":{"line":31,"column":8}},{"start":{"line":31,"column":8},"end":{"line":31,"column":8}}]},"3":{"line":59,"type":"if","locations":[{"start":{"line":59,"column":8},"end":{"line":59,"column":8}},{"start":{"line":59,"column":8},"end":{"line":59,"column":8}}]},"4":{"line":63,"type":"if","locations":[{"start":{"line":63,"column":8},"end":{"line":63,"column":8}},{"start":{"line":63,"column":8},"end":{"line":63,"column":8}}]},"5":{"line":74,"type":"if","locations":[{"start":{"line":74,"column":8},"end":{"line":74,"column":8}},{"start":{"line":74,"column":8},"end":{"line":74,"column":8}}]},"6":{"line":78,"type":"if","locations":[{"start":{"line":78,"column":8},"end":{"line":78,"column":8}},{"start":{"line":78,"column":8},"end":{"line":78,"column":8}}]}}},"contracts/ControlStateMachine.sol":{"l":{"35":1,"36":1,"37":1,"38":1,"39":1,"41":1,"49":0,"50":0,"62":0,"63":0,"64":0,"77":0,"78":0,"79":0,"81":0,"84":0,"94":0,"101":0,"109":0},"path":"/Users/jabbathegut/repositories/textile-supply-chain-ethereum/contracts/ControlStateMachine.sol","s":{"1":1,"2":1,"3":1,"4":1,"5":1,"6":1,"7":0,"8":0,"9":0,"10":0,"11":0,"12":0,"13":0,"14":0,"15":0,"16":0,"17":0,"18":0},"b":{"1":[0,0],"2":[0,0]},"f":{"1":1,"2":0,"3":0,"4":0,"5":0,"6":0},"fnMap":{"1":{"name":"constructor","line":34,"loc":{"start":{"line":30,"column":4},"end":{"line":42,"column":4}}},"2":{"name":"atStage","line":48,"loc":{"start":{"line":48,"column":4},"end":{"line":51,"column":4}}},"3":{"name":"addFindings","line":60,"loc":{"start":{"line":57,"column":4},"end":{"line":65,"column":4}}},"4":{"name":"commentControl","line":75,"loc":{"start":{"line":71,"column":4},"end":{"line":95,"column":4}}},"5":{"name":"nextStage","line":100,"loc":{"start":{"line":100,"column":4},"end":{"line":102,"column":4}}},"6":{"name":"getStage","line":108,"loc":{"start":{"line":108,"column":4},"end":{"line":110,"column":4}}}},"statementMap":{"1":{"start":{"line":35,"column":8},"end":{"line":35,"column":32}},"2":{"start":{"line":36,"column":8},"end":{"line":36,"column":44}},"3":{"start":{"line":37,"column":8},"end":{"line":37,"column":15}},"4":{"start":{"line":38,"column":8},"end":{"line":38,"column":31}},"5":{"start":{"line":39,"column":8},"end":{"line":39,"column":31}},"6":{"start":{"line":41,"column":8},"end":{"line":41,"column":55}},"7":{"start":{"line":49,"column":8},"end":{"line":49,"column":31}},"8":{"start":{"line":62,"column":8},"end":{"line":62,"column":27}},"9":{"start":{"line":63,"column":8},"end":{"line":63,"column":53}},"10":{"start":{"line":64,"column":8},"end":{"line":64,"column":18}},"11":{"start":{"line":77,"column":8},"end":{"line":77,"column":34}},"12":{"start":{"line":78,"column":8},"end":{"line":78,"column":2172}},"13":{"start":{"line":79,"column":12},"end":{"line":79,"column":48}},"14":{"start":{"line":81,"column":12},"end":{"line":81,"column":51}},"15":{"start":{"line":84,"column":8},"end":{"line":84,"column":2328}},"16":{"start":{"line":94,"column":8},"end":{"line":94,"column":18}},"17":{"start":{"line":101,"column":8},"end":{"line":101,"column":53}},"18":{"start":{"line":109,"column":8},"end":{"line":109,"column":20}}},"branchMap":{"1":{"line":49,"type":"if","locations":[{"start":{"line":49,"column":8},"end":{"line":49,"column":8}},{"start":{"line":49,"column":8},"end":{"line":49,"column":8}}]},"2":{"line":78,"type":"if","locations":[{"start":{"line":78,"column":8},"end":{"line":78,"column":8}},{"start":{"line":78,"column":8},"end":{"line":78,"column":8}}]}}},"contracts/Enums.sol":{"l":{},"path":"/Users/jabbathegut/repositories/textile-supply-chain-ethereum/contracts/Enums.sol","s":{},"b":{},"f":{},"fnMap":{},"statementMap":{},"branchMap":{}},"contracts/RBAC.sol":{"l":{"31":5,"32":5,"34":5,"35":5,"37":5,"38":5,"39":5,"40":5,"49":55,"63":31,"64":31,"73":10,"74":10,"76":10,"77":10,"78":10,"87":10,"88":10,"92":8,"97":8,"98":8,"107":1,"108":1,"112":1,"114":1,"115":1},"path":"/Users/jabbathegut/repositories/textile-supply-chain-ethereum/contracts/RBAC.sol","s":{"1":5,"2":5,"3":5,"4":5,"5":5,"6":5,"7":5,"8":5,"9":55,"10":31,"11":31,"12":10,"13":10,"14":10,"15":10,"16":10,"17":10,"18":8,"19":8,"20":8,"21":1,"22":1,"23":1,"24":1,"25":1},"b":{"1":[31,0],"2":[10,0],"3":[10,0],"4":[10,0],"5":[8,2],"6":[8,0],"7":[1,0],"8":[1,0],"9":[1,0]},"f":{"1":5,"2":55,"3":31,"4":10,"5":10,"6":1},"fnMap":{"1":{"name":"constructor","line":30,"loc":{"start":{"line":30,"column":4},"end":{"line":41,"column":4}}},"2":{"name":"roleExists","line":48,"loc":{"start":{"line":48,"column":4},"end":{"line":50,"column":4}}},"3":{"name":"hasRole","line":58,"loc":{"start":{"line":58,"column":4},"end":{"line":65,"column":4}}},"4":{"name":"addRole","line":71,"loc":{"start":{"line":71,"column":4},"end":{"line":79,"column":4}}},"5":{"name":"addMember","line":86,"loc":{"start":{"line":86,"column":4},"end":{"line":99,"column":4}}},"6":{"name":"removeMember","line":106,"loc":{"start":{"line":106,"column":4},"end":{"line":116,"column":4}}}},"statementMap":{"1":{"start":{"line":31,"column":8},"end":{"line":31,"column":40}},"2":{"start":{"line":32,"column":8},"end":{"line":32,"column":33}},"3":{"start":{"line":34,"column":8},"end":{"line":34,"column":28}},"4":{"start":{"line":35,"column":8},"end":{"line":35,"column":40}},"5":{"start":{"line":37,"column":8},"end":{"line":37,"column":35}},"6":{"start":{"line":38,"column":8},"end":{"line":38,"column":38}},"7":{"start":{"line":39,"column":8},"end":{"line":39,"column":50}},"8":{"start":{"line":40,"column":8},"end":{"line":40,"column":47}},"9":{"start":{"line":49,"column":8},"end":{"line":49,"column":34}},"10":{"start":{"line":63,"column":8},"end":{"line":63,"column":58}},"11":{"start":{"line":64,"column":8},"end":{"line":64,"column":48}},"12":{"start":{"line":73,"column":8},"end":{"line":73,"column":60}},"13":{"start":{"line":74,"column":8},"end":{"line":74,"column":81}},"14":{"start":{"line":77,"column":8},"end":{"line":77,"column":31}},"15":{"start":{"line":78,"column":8},"end":{"line":78,"column":33}},"16":{"start":{"line":87,"column":8},"end":{"line":87,"column":58}},"17":{"start":{"line":88,"column":8},"end":{"line":88,"column":2930}},"18":{"start":{"line":92,"column":8},"end":{"line":92,"column":3058}},"19":{"start":{"line":97,"column":8},"end":{"line":97,"column":35}},"20":{"start":{"line":98,"column":8},"end":{"line":98,"column":42}},"21":{"start":{"line":107,"column":8},"end":{"line":107,"column":58}},"22":{"start":{"line":108,"column":8},"end":{"line":108,"column":3586}},"23":{"start":{"line":112,"column":8},"end":{"line":112,"column":75}},"24":{"start":{"line":114,"column":8},"end":{"line":114,"column":38}},"25":{"start":{"line":115,"column":8},"end":{"line":115,"column":44}}},"branchMap":{"1":{"line":63,"type":"if","locations":[{"start":{"line":63,"column":8},"end":{"line":63,"column":8}},{"start":{"line":63,"column":8},"end":{"line":63,"column":8}}]},"2":{"line":73,"type":"if","locations":[{"start":{"line":73,"column":8},"end":{"line":73,"column":8}},{"start":{"line":73,"column":8},"end":{"line":73,"column":8}}]},"3":{"line":74,"type":"if","locations":[{"start":{"line":74,"column":8},"end":{"line":74,"column":8}},{"start":{"line":74,"column":8},"end":{"line":74,"column":8}}]},"4":{"line":87,"type":"if","locations":[{"start":{"line":87,"column":8},"end":{"line":87,"column":8}},{"start":{"line":87,"column":8},"end":{"line":87,"column":8}}]},"5":{"line":88,"type":"if","locations":[{"start":{"line":88,"column":8},"end":{"line":88,"column":8}},{"start":{"line":88,"column":8},"end":{"line":88,"column":8}}]},"6":{"line":92,"type":"if","locations":[{"start":{"line":92,"column":8},"end":{"line":92,"column":8}},{"start":{"line":92,"column":8},"end":{"line":92,"column":8}}]},"7":{"line":107,"type":"if","locations":[{"start":{"line":107,"column":8},"end":{"line":107,"column":8}},{"start":{"line":107,"column":8},"end":{"line":107,"column":8}}]},"8":{"line":108,"type":"if","locations":[{"start":{"line":108,"column":8},"end":{"line":108,"column":8}},{"start":{"line":108,"column":8},"end":{"line":108,"column":8}}]},"9":{"line":112,"type":"if","locations":[{"start":{"line":112,"column":8},"end":{"line":112,"column":8}},{"start":{"line":112,"column":8},"end":{"line":112,"column":8}}]}}},"contracts/Structs.sol":{"l":{},"path":"/Users/jabbathegut/repositories/textile-supply-chain-ethereum/contracts/Structs.sol","s":{},"b":{},"f":{},"fnMap":{},"statementMap":{},"branchMap":{}}}