{
"contracts/Control.sol":{"l":{"30":4,"38":8,"42":6,"48":4,"50":4,"57":4,"58":4,"60":4,"72":9,"76":9,"77":7,"78":5,"80":3,"90":9,"94":9,"95":7,"98":5,"99":5,"101":3,"102":3,"103":3,"105":0,"108":3},"path":"/Users/jabbathegut/repositories/textile-supply-chain-ethereum/contracts/Control.sol","s":{"1":4,"2":8,"3":6,"4":4,"5":4,"6":4,"7":4,"8":4,"9":9,"10":9,"11":7,"12":5,"13":3,"14":9,"15":9,"16":7,"17":5,"18":5,"19":3,"20":3,"21":3,"22":0,"23":3},"b":{"1":[6,2],"2":[4,2],"3":[9,0],"4":[7,2],"5":[5,2],"6":[9,0],"7":[7,2],"8":[5,2],"9":[3,0]},"f":{"1":4,"2":8,"3":9,"4":9},"fnMap":{"1":{"name":"constructor","line":29,"loc":{"start":{"line":29,"column":4},"end":{"line":31,"column":4}}},"2":{"name":"startControl","line":37,"loc":{"start":{"line":37,"column":4},"end":{"line":61,"column":4}}},"3":{"name":"reportFindingsForControl","line":68,"loc":{"start":{"line":68,"column":4},"end":{"line":81,"column":4}}},"4":{"name":"acknowledgeControl","line":89,"loc":{"start":{"line":89,"column":4},"end":{"line":117,"column":4}}}},"statementMap":{"1":{"start":{"line":30,"column":8},"end":{"line":30,"column":34}},"2":{"start":{"line":38,"column":8},"end":{"line":38,"column":1083}},"3":{"start":{"line":42,"column":8},"end":{"line":42,"column":1223}},"4":{"start":{"line":48,"column":8},"end":{"line":48,"column":28}},"5":{"start":{"line":50,"column":8},"end":{"line":50,"column":1521}},"6":{"start":{"line":57,"column":8},"end":{"line":57,"column":47}},"7":{"start":{"line":58,"column":8},"end":{"line":58,"column":43}},"8":{"start":{"line":60,"column":8},"end":{"line":60,"column":73}},"9":{"start":{"line":72,"column":8},"end":{"line":72,"column":2198}},"10":{"start":{"line":76,"column":8},"end":{"line":76,"column":69}},"11":{"start":{"line":77,"column":8},"end":{"line":77,"column":104}},"12":{"start":{"line":78,"column":8},"end":{"line":78,"column":50}},"13":{"start":{"line":80,"column":8},"end":{"line":80,"column":62}},"14":{"start":{"line":90,"column":8},"end":{"line":90,"column":3014}},"15":{"start":{"line":94,"column":8},"end":{"line":94,"column":69}},"16":{"start":{"line":95,"column":8},"end":{"line":95,"column":106}},"17":{"start":{"line":98,"column":8},"end":{"line":98,"column":59}},"18":{"start":{"line":99,"column":8},"end":{"line":99,"column":32}},"19":{"start":{"line":101,"column":8},"end":{"line":101,"column":34}},"20":{"start":{"line":102,"column":8},"end":{"line":102,"column":3544}},"21":{"start":{"line":103,"column":12},"end":{"line":103,"column":48}},"22":{"start":{"line":105,"column":12},"end":{"line":105,"column":51}},"23":{"start":{"line":108,"column":8},"end":{"line":108,"column":3702}}},"branchMap":{"1":{"line":38,"type":"if","locations":[{"start":{"line":38,"column":8},"end":{"line":38,"column":8}},{"start":{"line":38,"column":8},"end":{"line":38,"column":8}}]},"2":{"line":42,"type":"if","locations":[{"start":{"line":42,"column":8},"end":{"line":42,"column":8}},{"start":{"line":42,"column":8},"end":{"line":42,"column":8}}]},"3":{"line":72,"type":"if","locations":[{"start":{"line":72,"column":8},"end":{"line":72,"column":8}},{"start":{"line":72,"column":8},"end":{"line":72,"column":8}}]},"4":{"line":76,"type":"if","locations":[{"start":{"line":76,"column":8},"end":{"line":76,"column":8}},{"start":{"line":76,"column":8},"end":{"line":76,"column":8}}]},"5":{"line":77,"type":"if","locations":[{"start":{"line":77,"column":8},"end":{"line":77,"column":8}},{"start":{"line":77,"column":8},"end":{"line":77,"column":8}}]},"6":{"line":90,"type":"if","locations":[{"start":{"line":90,"column":8},"end":{"line":90,"column":8}},{"start":{"line":90,"column":8},"end":{"line":90,"column":8}}]},"7":{"line":94,"type":"if","locations":[{"start":{"line":94,"column":8},"end":{"line":94,"column":8}},{"start":{"line":94,"column":8},"end":{"line":94,"column":8}}]},"8":{"line":95,"type":"if","locations":[{"start":{"line":95,"column":8},"end":{"line":95,"column":8}},{"start":{"line":95,"column":8},"end":{"line":95,"column":8}}]},"9":{"line":102,"type":"if","locations":[{"start":{"line":102,"column":8},"end":{"line":102,"column":8}},{"start":{"line":102,"column":8},"end":{"line":102,"column":8}}]}}},
"contracts/ControlStateMachine.sol":{"l":{"24":4,"25":4,"26":4,"27":4,"28":4,"36":10,"37":6,"49":3,"50":3,"62":3,"69":6},"path":"/Users/jabbathegut/repositories/textile-supply-chain-ethereum/contracts/ControlStateMachine.sol","s":{"1":4,"2":4,"3":4,"4":4,"5":4,"6":10,"7":3,"8":3,"9":3,"10":6},"b":{"1":[6,4]},"f":{"1":4,"2":10,"3":3,"4":3,"5":6},"fnMap":{"1":{"name":"constructor","line":23,"loc":{"start":{"line":19,"column":4},"end":{"line":29,"column":4}}},"2":{"name":"atStage","line":35,"loc":{"start":{"line":35,"column":4},"end":{"line":38,"column":4}}},"3":{"name":"addFindings","line":47,"loc":{"start":{"line":44,"column":4},"end":{"line":51,"column":4}}},"4":{"name":"commentControl","line":60,"loc":{"start":{"line":56,"column":4},"end":{"line":63,"column":4}}},"5":{"name":"nextStage","line":68,"loc":{"start":{"line":68,"column":4},"end":{"line":70,"column":4}}}},"statementMap":{"1":{"start":{"line":24,"column":8},"end":{"line":24,"column":32}},"2":{"start":{"line":25,"column":8},"end":{"line":25,"column":44}},"3":{"start":{"line":26,"column":8},"end":{"line":26,"column":15}},"4":{"start":{"line":27,"column":8},"end":{"line":27,"column":31}},"5":{"start":{"line":28,"column":8},"end":{"line":28,"column":31}},"6":{"start":{"line":36,"column":8},"end":{"line":36,"column":93}},"7":{"start":{"line":49,"column":8},"end":{"line":49,"column":26}},"8":{"start":{"line":50,"column":8},"end":{"line":50,"column":18}},"9":{"start":{"line":62,"column":8},"end":{"line":62,"column":18}},"10":{"start":{"line":69,"column":8},"end":{"line":69,"column":53}}},"branchMap":{"1":{"line":36,"type":"if","locations":[{"start":{"line":36,"column":8},"end":{"line":36,"column":8}},{"start":{"line":36,"column":8},"end":{"line":36,"column":8}}]}}},
"contracts/Enums.sol":{"l":{},"path":"/Users/jabbathegut/repositories/textile-supply-chain-ethereum/contracts/Enums.sol","s":{},"b":{},"f":{},"fnMap":{},"statementMap":{},"branchMap":{}},
"contracts/RBAC.sol":{"l":{"31":5,"32":5,"34":5,"35":5,"37":5,"38":5,"39":5,"40":5,"49":79,"63":55,"64":55,"73":10,"74":10,"76":10,"77":10,"78":10,"87":10,"88":10,"92":8,"97":8,"98":8,"107":1,"108":1,"112":1,"114":1,"115":1},"path":"/Users/jabbathegut/repositories/textile-supply-chain-ethereum/contracts/RBAC.sol","s":{"1":5,"2":5,"3":5,"4":5,"5":5,"6":5,"7":5,"8":5,"9":79,"10":55,"11":55,"12":10,"13":10,"14":10,"15":10,"16":10,"17":10,"18":8,"19":8,"20":8,"21":1,"22":1,"23":1,"24":1,"25":1},"b":{"1":[55,0],"2":[10,0],"3":[10,0],"4":[10,0],"5":[8,2],"6":[8,0],"7":[1,0],"8":[1,0],"9":[1,0]},"f":{"1":5,"2":79,"3":55,"4":10,"5":10,"6":1},"fnMap":{"1":{"name":"constructor","line":30,"loc":{"start":{"line":30,"column":4},"end":{"line":41,"column":4}}},"2":{"name":"roleExists","line":48,"loc":{"start":{"line":48,"column":4},"end":{"line":50,"column":4}}},"3":{"name":"hasRole","line":58,"loc":{"start":{"line":58,"column":4},"end":{"line":65,"column":4}}},"4":{"name":"addRole","line":71,"loc":{"start":{"line":71,"column":4},"end":{"line":79,"column":4}}},"5":{"name":"addMember","line":86,"loc":{"start":{"line":86,"column":4},"end":{"line":99,"column":4}}},"6":{"name":"removeMember","line":106,"loc":{"start":{"line":106,"column":4},"end":{"line":116,"column":4}}}},"statementMap":{"1":{"start":{"line":31,"column":8},"end":{"line":31,"column":40}},"2":{"start":{"line":32,"column":8},"end":{"line":32,"column":33}},"3":{"start":{"line":34,"column":8},"end":{"line":34,"column":28}},"4":{"start":{"line":35,"column":8},"end":{"line":35,"column":40}},"5":{"start":{"line":37,"column":8},"end":{"line":37,"column":35}},"6":{"start":{"line":38,"column":8},"end":{"line":38,"column":38}},"7":{"start":{"line":39,"column":8},"end":{"line":39,"column":50}},"8":{"start":{"line":40,"column":8},"end":{"line":40,"column":47}},"9":{"start":{"line":49,"column":8},"end":{"line":49,"column":34}},"10":{"start":{"line":63,"column":8},"end":{"line":63,"column":58}},"11":{"start":{"line":64,"column":8},"end":{"line":64,"column":48}},"12":{"start":{"line":73,"column":8},"end":{"line":73,"column":60}},"13":{"start":{"line":74,"column":8},"end":{"line":74,"column":81}},"14":{"start":{"line":77,"column":8},"end":{"line":77,"column":31}},"15":{"start":{"line":78,"column":8},"end":{"line":78,"column":33}},"16":{"start":{"line":87,"column":8},"end":{"line":87,"column":58}},"17":{"start":{"line":88,"column":8},"end":{"line":88,"column":2930}},"18":{"start":{"line":92,"column":8},"end":{"line":92,"column":3058}},"19":{"start":{"line":97,"column":8},"end":{"line":97,"column":35}},"20":{"start":{"line":98,"column":8},"end":{"line":98,"column":42}},"21":{"start":{"line":107,"column":8},"end":{"line":107,"column":58}},"22":{"start":{"line":108,"column":8},"end":{"line":108,"column":3586}},"23":{"start":{"line":112,"column":8},"end":{"line":112,"column":75}},"24":{"start":{"line":114,"column":8},"end":{"line":114,"column":38}},"25":{"start":{"line":115,"column":8},"end":{"line":115,"column":44}}},"branchMap":{"1":{"line":63,"type":"if","locations":[{"start":{"line":63,"column":8},"end":{"line":63,"column":8}},{"start":{"line":63,"column":8},"end":{"line":63,"column":8}}]},"2":{"line":73,"type":"if","locations":[{"start":{"line":73,"column":8},"end":{"line":73,"column":8}},{"start":{"line":73,"column":8},"end":{"line":73,"column":8}}]},"3":{"line":74,"type":"if","locations":[{"start":{"line":74,"column":8},"end":{"line":74,"column":8}},{"start":{"line":74,"column":8},"end":{"line":74,"column":8}}]},"4":{"line":87,"type":"if","locations":[{"start":{"line":87,"column":8},"end":{"line":87,"column":8}},{"start":{"line":87,"column":8},"end":{"line":87,"column":8}}]},"5":{"line":88,"type":"if","locations":[{"start":{"line":88,"column":8},"end":{"line":88,"column":8}},{"start":{"line":88,"column":8},"end":{"line":88,"column":8}}]},"6":{"line":92,"type":"if","locations":[{"start":{"line":92,"column":8},"end":{"line":92,"column":8}},{"start":{"line":92,"column":8},"end":{"line":92,"column":8}}]},"7":{"line":107,"type":"if","locations":[{"start":{"line":107,"column":8},"end":{"line":107,"column":8}},{"start":{"line":107,"column":8},"end":{"line":107,"column":8}}]},"8":{"line":108,"type":"if","locations":[{"start":{"line":108,"column":8},"end":{"line":108,"column":8}},{"start":{"line":108,"column":8},"end":{"line":108,"column":8}}]},"9":{"line":112,"type":"if","locations":[{"start":{"line":112,"column":8},"end":{"line":112,"column":8}},{"start":{"line":112,"column":8},"end":{"line":112,"column":8}}]}}},
"contracts/Structs.sol":{"l":{},"path":"/Users/jabbathegut/repositories/textile-supply-chain-ethereum/contracts/Structs.sol","s":{},"b":{},"f":{},"fnMap":{},"statementMap":{},"branchMap":{}}}
