TN:
SF:/Users/jabbathegut/repositories/ba_sources/textile-supply-chain/contracts/Control.sol
FN:34,constructor
FN:43,startControl
FN:76,reportFindingsForControl
FN:97,acknowledgeControl
FNF:4
FNH:4
FNDA:4,constructor
FNDA:8,startControl
FNDA:10,reportFindingsForControl
FNDA:10,acknowledgeControl
DA:35,4
DA:36,4
DA:44,8
DA:48,6
DA:54,4
DA:56,4
DA:63,4
DA:64,4
DA:66,4
DA:68,4
DA:80,10
DA:84,10
DA:85,8
DA:86,6
DA:88,4
DA:98,10
DA:102,10
DA:103,8
DA:106,6
DA:107,6
DA:109,4
DA:110,4
DA:111,3
DA:113,1
DA:116,4
DA:124,4
DA:126,4
LF:27
LH:27
BRDA:44,1,0,6
BRDA:44,1,1,2
BRDA:48,2,0,4
BRDA:48,2,1,2
BRDA:80,3,0,10
BRDA:80,3,1,0
BRDA:84,4,0,8
BRDA:84,4,1,2
BRDA:85,5,0,6
BRDA:85,5,1,2
BRDA:98,6,0,10
BRDA:98,6,1,0
BRDA:102,7,0,8
BRDA:102,7,1,2
BRDA:103,8,0,6
BRDA:103,8,1,2
BRDA:110,9,0,3
BRDA:110,9,1,1
BRF:18
BRH:16
end_of_record
TN:
SF:/Users/jabbathegut/repositories/ba_sources/textile-supply-chain/contracts/ControlStateMachine.sol
FN:23,constructor
FN:35,atStage
FN:50,addFindings
FN:63,commentControl
FN:71,nextStage
FNF:5
FNH:5
FNDA:4,constructor
FNDA:12,atStage
FNDA:4,addFindings
FNDA:4,commentControl
FNDA:8,nextStage
DA:24,4
DA:25,4
DA:26,4
DA:27,4
DA:28,4
DA:36,12
DA:40,8
DA:52,4
DA:53,4
DA:65,4
DA:72,8
LF:11
LH:11
BRDA:36,1,0,8
BRDA:36,1,1,4
BRF:2
BRH:2
end_of_record
TN:
SF:/Users/jabbathegut/repositories/ba_sources/textile-supply-chain/contracts/Enums.sol
FNF:0
FNH:0
LF:0
LH:0
BRF:0
BRH:0
end_of_record
TN:
SF:/Users/jabbathegut/repositories/ba_sources/textile-supply-chain/contracts/ERC721.sol
FN:41,constructor
FN:49,supportsInterface
FN:57,balanceOf
FN:65,ownerOf
FN:75,approve
FN:89,getApproved
FN:98,setApprovalForAll
FN:108,isApprovedForAll
FN:115,transferFrom
FN:125,safeTransferFrom
FN:132,safeTransferFrom
FN:155,_safeTransfer
FN:168,_exists
FN:179,_isApprovedOrOwner
FN:195,_safeMint
FN:203,_safeMint
FN:220,_mint
FN:242,_burn
FN:267,_transfer
FN:288,_approve
FN:303,_checkOnERC721Received
FN:338,_beforeTokenTransfer
FNF:22
FNH:6
FNDA:4,constructor
FNDA:0,supportsInterface
FNDA:0,balanceOf
FNDA:12,ownerOf
FNDA:0,approve
FNDA:0,getApproved
FNDA:0,setApprovalForAll
FNDA:0,isApprovedForAll
FNDA:0,transferFrom
FNDA:0,safeTransferFrom
FNDA:0,safeTransferFrom
FNDA:0,_safeTransfer
FNDA:7,_exists
FNDA:0,_isApprovedOrOwner
FNDA:0,_safeMint
FNDA:0,_safeMint
FNDA:3,_mint
FNDA:0,_burn
FNDA:3,_transfer
FNDA:3,_approve
FNDA:0,_checkOnERC721Received
FNDA:0,_beforeTokenTransfer
DA:42,4
DA:43,4
DA:50,0
DA:58,0
DA:59,0
DA:66,12
DA:67,12
DA:68,12
DA:76,0
DA:77,0
DA:79,0
DA:83,0
DA:90,0
DA:92,0
DA:99,0
DA:101,0
DA:102,0
DA:109,0
DA:117,0
DA:119,0
DA:126,0
DA:133,0
DA:134,0
DA:156,0
DA:157,0
DA:169,7
DA:180,0
DA:181,0
DA:182,0
DA:196,0
DA:204,0
DA:205,0
DA:221,3
DA:222,3
DA:224,3
DA:226,3
DA:227,3
DA:229,3
DA:243,0
DA:245,0
DA:248,0
DA:250,0
DA:251,0
DA:253,0
DA:268,3
DA:269,3
DA:271,3
DA:274,3
DA:276,3
DA:277,3
DA:278,3
DA:280,3
DA:289,3
DA:290,3
DA:306,0
DA:307,0
DA:308,0
DA:310,0
DA:311,0
DA:314,0
DA:320,0
LF:61
LH:22
BRDA:58,1,0,0
BRDA:58,1,1,0
BRDA:67,2,0,12
BRDA:67,2,1,0
BRDA:77,3,0,0
BRDA:77,3,1,0
BRDA:79,4,0,0
BRDA:79,4,1,0
BRDA:90,5,0,0
BRDA:90,5,1,0
BRDA:99,6,0,0
BRDA:99,6,1,0
BRDA:117,7,0,0
BRDA:117,7,1,0
BRDA:133,8,0,0
BRDA:133,8,1,0
BRDA:157,9,0,0
BRDA:157,9,1,0
BRDA:180,10,0,0
BRDA:180,10,1,0
BRDA:205,11,0,0
BRDA:205,11,1,0
BRDA:221,12,0,3
BRDA:221,12,1,0
BRDA:222,13,0,3
BRDA:222,13,1,0
BRDA:268,14,0,3
BRDA:268,14,1,0
BRDA:269,15,0,3
BRDA:269,15,1,0
BRDA:306,16,0,0
BRDA:306,16,1,0
BRDA:310,17,0,0
BRDA:310,17,1,0
BRF:34
BRH:5
end_of_record
TN:
SF:/Users/jabbathegut/repositories/ba_sources/textile-supply-chain/contracts/LKGRegistry.sol
FN:26,constructor
FN:33,onlyChainAdmin
FN:44,onlyChainMember
FN:64,addSupplyChainEntity
FN:79,getSupplyChainEntity
FN:90,removeSupplyChainEntity
FN:104,addControlEntity
FN:118,getControlentity
FN:129,removeControlEntity
FN:142,addControl
FN:165,getControl
FN:180,getControls
FN:195,addNonGSETransaction
FN:215,getNonGSETransaction
FN:230,getNonGSETransactions
FN:240,acknowledgeGSE
FNF:16
FNH:16
FNDA:6,constructor
FNDA:88,onlyChainAdmin
FNDA:93,onlyChainMember
FNDA:16,addSupplyChainEntity
FNDA:16,getSupplyChainEntity
FNDA:3,removeSupplyChainEntity
FNDA:8,addControlEntity
FNDA:4,getControlentity
FNDA:2,removeControlEntity
FNDA:30,addControl
FNDA:25,getControl
FNDA:10,getControls
FNDA:29,addNonGSETransaction
FNDA:25,getNonGSETransaction
FNDA:10,getNonGSETransactions
FNDA:3,acknowledgeGSE
DA:27,6
DA:34,88
DA:38,88
DA:45,93
DA:53,93
DA:65,16
DA:67,16
DA:68,16
DA:82,16
DA:83,15
DA:91,3
DA:92,3
DA:93,3
DA:105,8
DA:106,8
DA:107,8
DA:121,4
DA:122,3
DA:130,2
DA:131,2
DA:132,2
DA:144,30
DA:146,30
DA:148,30
DA:150,30
DA:152,30
DA:154,30
DA:168,25
DA:169,25
DA:183,10
DA:184,10
DA:196,29
DA:198,29
DA:200,29
DA:202,29
DA:204,29
DA:218,25
DA:219,25
DA:233,10
DA:234,10
DA:241,3
DA:245,3
DA:248,0
DA:251,3
DA:252,3
LF:45
LH:44
BRDA:34,1,0,88
BRDA:34,1,1,0
BRDA:45,2,0,93
BRDA:45,2,1,0
BRDA:65,3,0,16
BRDA:65,3,1,0
BRDA:82,4,0,15
BRDA:82,4,1,1
BRDA:91,5,0,3
BRDA:91,5,1,0
BRDA:105,6,0,8
BRDA:105,6,1,0
BRDA:121,7,0,3
BRDA:121,7,1,1
BRDA:130,8,0,2
BRDA:130,8,1,0
BRDA:144,9,0,30
BRDA:144,9,1,0
BRDA:168,10,0,25
BRDA:168,10,1,0
BRDA:183,11,0,10
BRDA:183,11,1,0
BRDA:196,12,0,29
BRDA:196,12,1,0
BRDA:218,13,0,25
BRDA:218,13,1,0
BRDA:233,14,0,10
BRDA:233,14,1,0
BRDA:241,15,0,3
BRDA:241,15,1,0
BRDA:245,16,0,0
BRDA:245,16,1,3
BRDA:251,17,0,3
BRDA:251,17,1,0
BRF:34
BRH:19
end_of_record
TN:
SF:/Users/jabbathegut/repositories/ba_sources/textile-supply-chain/contracts/RBAC.sol
FN:33,constructor
FN:52,roleExists
FN:62,hasRole
FN:75,addRole
FN:90,addMember
FN:110,removeMember
FNF:6
FNH:6
FNDA:7,constructor
FNDA:439,roleExists
FNDA:386,hasRole
FNDA:21,addRole
FNDA:28,addMember
FNDA:1,removeMember
DA:34,7
DA:35,7
DA:37,7
DA:38,7
DA:39,7
DA:41,7
DA:42,7
DA:43,7
DA:44,7
DA:53,439
DA:67,386
DA:68,386
DA:77,21
DA:78,21
DA:80,21
DA:81,21
DA:82,21
DA:91,28
DA:92,28
DA:96,26
DA:101,26
DA:102,26
DA:111,1
DA:112,1
DA:116,1
DA:118,1
DA:119,1
LF:27
LH:27
BRDA:67,1,0,386
BRDA:67,1,1,0
BRDA:77,2,0,21
BRDA:77,2,1,0
BRDA:78,3,0,21
BRDA:78,3,1,0
BRDA:91,4,0,28
BRDA:91,4,1,0
BRDA:92,5,0,26
BRDA:92,5,1,2
BRDA:96,6,0,26
BRDA:96,6,1,0
BRDA:111,7,0,1
BRDA:111,7,1,0
BRDA:112,8,0,1
BRDA:112,8,1,0
BRDA:116,9,0,1
BRDA:116,9,1,0
BRF:18
BRH:10
end_of_record
TN:
SF:/Users/jabbathegut/repositories/ba_sources/textile-supply-chain/contracts/Structs.sol
FNF:0
FNH:0
LF:0
LH:0
BRF:0
BRH:0
end_of_record
TN:
SF:/Users/jabbathegut/repositories/ba_sources/textile-supply-chain/contracts/SupplyChainNFT.sol
FN:30,constructor
FN:44,mintToken
FN:75,transferToken
FN:98,getTokenMetadata
FN:115,_beforeTokenTransfer
FNF:5
FNH:5
FNDA:4,constructor
FNDA:3,mintToken
FNDA:3,transferToken
FNDA:1,getTokenMetadata
FNDA:6,_beforeTokenTransfer
DA:31,4
DA:32,4
DA:33,4
DA:34,4
DA:47,3
DA:51,3
DA:57,3
DA:58,3
DA:61,3
DA:64,3
DA:66,3
DA:80,3
DA:84,3
DA:88,3
DA:90,3
DA:103,1
DA:105,1
DA:120,6
DA:126,6
DA:127,3
DA:130,3
DA:133,3
DA:134,2
DA:140,2
DA:141,2
DA:143,2
DA:144,1
DA:147,2
LF:28
LH:28
BRDA:47,1,0,3
BRDA:47,1,1,0
BRDA:51,2,0,3
BRDA:51,2,1,0
BRDA:80,3,0,3
BRDA:80,3,1,0
BRDA:84,4,0,3
BRDA:84,4,1,0
BRDA:88,5,0,3
BRDA:88,5,1,0
BRDA:103,6,0,1
BRDA:103,6,1,0
BRDA:120,7,0,6
BRDA:120,7,1,0
BRDA:126,8,0,3
BRDA:126,8,1,3
BRDA:133,9,0,2
BRDA:133,9,1,1
BRDA:140,10,0,2
BRDA:140,10,1,0
BRDA:143,11,0,1
BRDA:143,11,1,1
BRF:22
BRH:14
end_of_record
